Running: fuse.exe -relaunch -intstyle "ise" -incremental -o "D:/!OneDriveCloud/OneDrive/Studia/Sem_VI/UCISW_2/svn/trunk/v4/controlerTB_isim_beh.exe" -prj "D:/!OneDriveCloud/OneDrive/Studia/Sem_VI/UCISW_2/svn/trunk/v4/controlerTB_beh.prj" "work.controlerTB" 
ISim P.20131013 (signature 0x7708f090)
Number of CPUs detected in this system: 8
Turning on mult-threading, number of parallel sub-compilation jobs: 16 
Determining compilation order of HDL files
Parsing VHDL file "D:/!OneDriveCloud/OneDrive/Studia/Sem_VI/UCISW_2/svn/trunk/v4/controler.vhd" into library work
Parsing VHDL file "D:/!OneDriveCloud/OneDrive/Studia/Sem_VI/UCISW_2/svn/trunk/v4/controlerTB.vhd" into library work
Starting static elaboration
Completed static elaboration
Compiling package standard
Compiling package std_logic_1164
Compiling package numeric_std
Compiling package std_logic_arith
Compiling package std_logic_unsigned
Compiling architecture behavioral of entity controler [controler_default]
Compiling architecture behavior of entity controlertb
Time Resolution for simulation is 1ps.
Waiting for 1 sub-compilation(s) to finish...
Compiled 8 VHDL Units
Built simulation executable D:/!OneDriveCloud/OneDrive/Studia/Sem_VI/UCISW_2/svn/trunk/v4/controlerTB_isim_beh.exe
Fuse Memory Usage: 38196 KB
Fuse CPU Usage: 685 ms
