--------------------------------------------------------------------------------
Release 14.7 Trace  (nt)
Copyright (c) 1995-2013 Xilinx, Inc.  All rights reserved.

C:\Xilinx\14.7\ISE_DS\ISE\bin\nt\unwrapped\trce.exe -intstyle ise -v 3 -s 5 -n
3 -fastpaths -xml temperatureSystem.twx temperatureSystem.ncd -o
temperatureSystem.twr temperatureSystem.pcf

Design file:              temperatureSystem.ncd
Physical constraint file: temperatureSystem.pcf
Device,package,speed:     xc3s500e,fg320,-5 (PRODUCTION 1.27 2013-10-13)
Report level:             verbose report

Environment Variable      Effect 
--------------------      ------ 
NONE                      No environment variables were set
--------------------------------------------------------------------------------

INFO:Timing:2698 - No timing constraints found, doing default enumeration.
INFO:Timing:3412 - To improve timing, see the Timing Closure User Guide (UG612).
INFO:Timing:2752 - To get complete path coverage, use the unconstrained paths 
   option. All paths that are not constrained will be reported in the 
   unconstrained paths section(s) of the report.
INFO:Timing:3339 - The clock-to-out numbers in this timing report are based on 
   a 50 Ohm transmission line loading model.  For the details of this model, 
   and for more information on accounting for different loading conditions, 
   please see the device datasheet.
INFO:Timing:3390 - This architecture does not support a default System Jitter 
   value, please add SYSTEM_JITTER constraint to the UCF to modify the Clock 
   Uncertainty calculation.
INFO:Timing:3389 - This architecture does not support 'Discrete Jitter' and 
   'Phase Error' calculations, these terms will be zero in the Clock 
   Uncertainty calculation.  Please make appropriate modification to 
   SYSTEM_JITTER to account for the unsupported Discrete Jitter and Phase 
   Error.



Data Sheet report:
-----------------
All values displayed in nanoseconds (ns)

Setup/Hold to clock Clk_50MHz
------------+------------+------------+------------------+--------+
            |Max Setup to|Max Hold to |                  | Clock  |
Source      | clk (edge) | clk (edge) |Internal Clock(s) | Phase  |
------------+------------+------------+------------------+--------+
OW_DQ       |    0.913(R)|    0.401(R)|Clk_50MHz_BUFGP   |   0.000|
start       |    1.991(R)|   -0.407(R)|Clk_50MHz_BUFGP   |   0.000|
------------+------------+------------+------------------+--------+

Clock Clk_50MHz to Pad
------------+------------+------------------+--------+
            | clk (edge) |                  | Clock  |
Destination |   to PAD   |Internal Clock(s) | Phase  |
------------+------------+------------------+--------+
A           |    7.459(R)|Clk_50MHz_BUFGP   |   0.000|
B           |    8.173(R)|Clk_50MHz_BUFGP   |   0.000|
C           |    8.654(R)|Clk_50MHz_BUFGP   |   0.000|
OW_DQ       |    9.622(R)|Clk_50MHz_BUFGP   |   0.000|
VGA_B       |    8.049(R)|Clk_50MHz_BUFGP   |   0.000|
VGA_G       |    8.774(R)|Clk_50MHz_BUFGP   |   0.000|
VGA_R       |    9.245(R)|Clk_50MHz_BUFGP   |   0.000|
test_out<0> |    7.462(R)|Clk_50MHz_BUFGP   |   0.000|
test_out<1> |    7.326(R)|Clk_50MHz_BUFGP   |   0.000|
test_out<2> |    7.698(R)|Clk_50MHz_BUFGP   |   0.000|
test_out<3> |    6.721(R)|Clk_50MHz_BUFGP   |   0.000|
------------+------------+------------------+--------+

Clock to Setup on destination clock Clk_50MHz
---------------+---------+---------+---------+---------+
               | Src:Rise| Src:Fall| Src:Rise| Src:Fall|
Source Clock   |Dest:Rise|Dest:Rise|Dest:Fall|Dest:Fall|
---------------+---------+---------+---------+---------+
Clk_50MHz      |    7.273|         |         |         |
---------------+---------+---------+---------+---------+

Pad to Pad
---------------+---------------+---------+
Source Pad     |Destination Pad|  Delay  |
---------------+---------------+---------+
start          |C              |    6.426|
---------------+---------------+---------+


Analysis completed Fri May 29 10:58:58 2015 
--------------------------------------------------------------------------------

Trace Settings:
-------------------------
Trace Settings 

Peak Memory Usage: 126 MB



