--------------------------------------------------------------------------------
Release 14.7 Trace  (nt64)
Copyright (c) 1995-2013 Xilinx, Inc.  All rights reserved.

d:\Xilinx\14.7\ISE_DS\ISE\bin\nt64\unwrapped\trce.exe -intstyle ise -v 3 -s 5
-n 3 -fastpaths -xml readByte.twx readByte.ncd -o readByte.twr readByte.pcf

Design file:              readByte.ncd
Physical constraint file: readByte.pcf
Device,package,speed:     xc3s500e,fg320,-5 (PRODUCTION 1.27 2013-10-13)
Report level:             verbose report

Environment Variable      Effect 
--------------------      ------ 
NONE                      No environment variables were set
--------------------------------------------------------------------------------

INFO:Timing:2698 - No timing constraints found, doing default enumeration.
INFO:Timing:3412 - To improve timing, see the Timing Closure User Guide (UG612).
INFO:Timing:2752 - To get complete path coverage, use the unconstrained paths 
   option. All paths that are not constrained will be reported in the 
   unconstrained paths section(s) of the report.
INFO:Timing:3339 - The clock-to-out numbers in this timing report are based on 
   a 50 Ohm transmission line loading model.  For the details of this model, 
   and for more information on accounting for different loading conditions, 
   please see the device datasheet.
INFO:Timing:3390 - This architecture does not support a default System Jitter 
   value, please add SYSTEM_JITTER constraint to the UCF to modify the Clock 
   Uncertainty calculation.
INFO:Timing:3389 - This architecture does not support 'Discrete Jitter' and 
   'Phase Error' calculations, these terms will be zero in the Clock 
   Uncertainty calculation.  Please make appropriate modification to 
   SYSTEM_JITTER to account for the unsupported Discrete Jitter and Phase 
   Error.



Data Sheet report:
-----------------
All values displayed in nanoseconds (ns)

Setup/Hold to clock clk
----------------+------------+------------+------------------+--------+
                |Max Setup to|Max Hold to |                  | Clock  |
Source          | clk (edge) | clk (edge) |Internal Clock(s) | Phase  |
----------------+------------+------------+------------------+--------+
isBusy          |    1.556(R)|    0.553(R)|clk_BUFGP         |   0.000|
readBit_detecion|    3.344(R)|   -0.534(R)|clk_BUFGP         |   0.000|
start           |    1.778(R)|    0.375(R)|clk_BUFGP         |   0.000|
----------------+------------+------------+------------------+--------+

Clock clk to Pad
------------+------------+------------------+--------+
            | clk (edge) |                  | Clock  |
Destination |   to PAD   |Internal Clock(s) | Phase  |
------------+------------+------------------+--------+
busy        |    7.022(R)|clk_BUFGP         |   0.000|
data<0>     |    7.179(R)|clk_BUFGP         |   0.000|
data<1>     |    7.166(R)|clk_BUFGP         |   0.000|
data<2>     |    6.951(R)|clk_BUFGP         |   0.000|
data<3>     |    6.955(R)|clk_BUFGP         |   0.000|
data<4>     |    6.772(R)|clk_BUFGP         |   0.000|
data<5>     |    6.955(R)|clk_BUFGP         |   0.000|
data<6>     |    6.700(R)|clk_BUFGP         |   0.000|
data<7>     |    6.713(R)|clk_BUFGP         |   0.000|
read_bit    |    6.491(R)|clk_BUFGP         |   0.000|
------------+------------+------------------+--------+

Clock to Setup on destination clock clk
---------------+---------+---------+---------+---------+
               | Src:Rise| Src:Fall| Src:Rise| Src:Fall|
Source Clock   |Dest:Rise|Dest:Rise|Dest:Fall|Dest:Fall|
---------------+---------+---------+---------+---------+
clk            |    4.261|         |         |         |
---------------+---------+---------+---------+---------+


Analysis completed Tue Jun 02 11:14:56 2015 
--------------------------------------------------------------------------------

Trace Settings:
-------------------------
Trace Settings 

Peak Memory Usage: 168 MB



