Release 14.7 - xst P.20131013 (nt64)
Copyright (c) 1995-2013 Xilinx, Inc.  All rights reserved.
--> Parameter TMPDIR set to xst/projnav.tmp


Total REAL time to Xst completion: 0.00 secs
Total CPU time to Xst completion: 0.15 secs
 
--> Parameter xsthdpdir set to xst


Total REAL time to Xst completion: 0.00 secs
Total CPU time to Xst completion: 0.15 secs
 
--> Reading design: readByte.prj

TABLE OF CONTENTS
  1) Synthesis Options Summary
  2) HDL Compilation
  3) Design Hierarchy Analysis
  4) HDL Analysis
  5) HDL Synthesis
     5.1) HDL Synthesis Report
  6) Advanced HDL Synthesis
     6.1) Advanced HDL Synthesis Report
  7) Low Level Synthesis
  8) Partition Report
  9) Final Report
	9.1) Device utilization summary
	9.2) Partition Resource Summary
	9.3) TIMING REPORT


=========================================================================
*                      Synthesis Options Summary                        *
=========================================================================
---- Source Parameters
Input File Name                    : "readByte.prj"
Input Format                       : mixed
Ignore Synthesis Constraint File   : NO

---- Target Parameters
Output File Name                   : "readByte"
Output Format                      : NGC
Target Device                      : xc3s500e-5-fg320

---- Source Options
Top Module Name                    : readByte
Automatic FSM Extraction           : YES
FSM Encoding Algorithm             : Auto
Safe Implementation                : No
FSM Style                          : LUT
RAM Extraction                     : Yes
RAM Style                          : Auto
ROM Extraction                     : Yes
Mux Style                          : Auto
Decoder Extraction                 : YES
Priority Encoder Extraction        : Yes
Shift Register Extraction          : YES
Logical Shifter Extraction         : YES
XOR Collapsing                     : YES
ROM Style                          : Auto
Mux Extraction                     : Yes
Resource Sharing                   : YES
Asynchronous To Synchronous        : NO
Multiplier Style                   : Auto
Automatic Register Balancing       : No

---- Target Options
Add IO Buffers                     : YES
Global Maximum Fanout              : 500
Add Generic Clock Buffer(BUFG)     : 24
Register Duplication               : YES
Slice Packing                      : YES
Optimize Instantiated Primitives   : NO
Use Clock Enable                   : Yes
Use Synchronous Set                : Yes
Use Synchronous Reset              : Yes
Pack IO Registers into IOBs        : Auto
Equivalent register Removal        : YES

---- General Options
Optimization Goal                  : Speed
Optimization Effort                : 1
Keep Hierarchy                     : No
Netlist Hierarchy                  : As_Optimized
RTL Output                         : Yes
Global Optimization                : AllClockNets
Read Cores                         : YES
Write Timing Constraints           : NO
Cross Clock Analysis               : NO
Hierarchy Separator                : /
Bus Delimiter                      : <>
Case Specifier                     : Maintain
Slice Utilization Ratio            : 100
BRAM Utilization Ratio             : 100
Verilog 2001                       : YES
Auto BRAM Packing                  : NO
Slice Utilization Ratio Delta      : 5

=========================================================================


=========================================================================
*                          HDL Compilation                              *
=========================================================================
Compiling vhdl file "D:/!OneDriveCloud/OneDrive/Studia/Sem_VI/UCISW_2/svn/trunk/v5/readByte.vhd" in Library work.
Entity <readByte> compiled.
Entity <readByte> (Architecture <Behavioral>) compiled.

=========================================================================
*                     Design Hierarchy Analysis                         *
=========================================================================
Analyzing hierarchy for entity <readByte> in library <work> (architecture <Behavioral>).


=========================================================================
*                            HDL Analysis                               *
=========================================================================
Analyzing Entity <readByte> in library <work> (Architecture <Behavioral>).
Entity <readByte> analyzed. Unit <readByte> generated.


=========================================================================
*                           HDL Synthesis                               *
=========================================================================

Performing bidirectional port resolution...

Synthesizing Unit <readByte>.
    Related source file is "D:/!OneDriveCloud/OneDrive/Studia/Sem_VI/UCISW_2/svn/trunk/v5/readByte.vhd".
    Found finite state machine <FSM_0> for signal <present_state>.
    -----------------------------------------------------------------------
    | States             | 5                                              |
    | Transitions        | 8                                              |
    | Inputs             | 3                                              |
    | Outputs            | 5                                              |
    | Clock              | clk                       (rising_edge)        |
    | Power Up State     | idle                                           |
    | Encoding           | automatic                                      |
    | Implementation     | LUT                                            |
    -----------------------------------------------------------------------
    Found 8-bit register for signal <data>.
    Found 1-bit register for signal <read_bit>.
    Found 8-bit register for signal <read_buffor>.
    Found 5-bit comparator greatequal for signal <read_buffor_0$cmp_ge0000> created at line 129.
    Found 5-bit register for signal <read_counter>.
    Found 4-bit adder for signal <read_counter$add0000> created at line 135.
    Summary:
	inferred   1 Finite State Machine(s).
	inferred  22 D-type flip-flop(s).
	inferred   1 Adder/Subtractor(s).
	inferred   1 Comparator(s).
Unit <readByte> synthesized.


=========================================================================
HDL Synthesis Report

Macro Statistics
# Adders/Subtractors                                   : 1
 4-bit adder                                           : 1
# Registers                                            : 11
 1-bit register                                        : 9
 5-bit register                                        : 1
 8-bit register                                        : 1
# Comparators                                          : 1
 5-bit comparator greatequal                           : 1

=========================================================================

=========================================================================
*                       Advanced HDL Synthesis                          *
=========================================================================

Analyzing FSM <FSM_0> for best encoding.
Optimizing FSM <present_state/FSM> on signal <present_state[1:5]> with one-hot encoding.
-------------------------
 State       | Encoding
-------------------------
 idle        | 00001
 readbit     | 01000
 waitforbusy | 00010
 waitforread | 10000
 done        | 00100
-------------------------

=========================================================================
Advanced HDL Synthesis Report

Macro Statistics
# FSMs                                                 : 1
# Adders/Subtractors                                   : 1
 4-bit adder                                           : 1
# Registers                                            : 22
 Flip-Flops                                            : 22
# Comparators                                          : 1
 5-bit comparator greatequal                           : 1

=========================================================================

=========================================================================
*                         Low Level Synthesis                           *
=========================================================================

Optimizing unit <readByte> ...

Mapping all equations...
Building and optimizing final netlist ...
Found area constraint ratio of 100 (+ 5) on block readByte, actual ratio is 0.
FlipFlop present_state_FSM_FFd4 has been replicated 1 time(s)

Final Macro Processing ...

=========================================================================
Final Register Report

Macro Statistics
# Registers                                            : 28
 Flip-Flops                                            : 28

=========================================================================

=========================================================================
*                           Partition Report                            *
=========================================================================

Partition Implementation Status
-------------------------------

  No Partitions were found in this design.

-------------------------------

=========================================================================
*                            Final Report                               *
=========================================================================
Final Results
RTL Top Level Output File Name     : readByte.ngr
Top Level Output File Name         : readByte
Output Format                      : NGC
Optimization Goal                  : Speed
Keep Hierarchy                     : No

Design Statistics
# IOs                              : 14

Cell Usage :
# BELS                             : 54
#      GND                         : 1
#      INV                         : 2
#      LUT2                        : 1
#      LUT2_D                      : 2
#      LUT2_L                      : 1
#      LUT3                        : 4
#      LUT3_D                      : 3
#      LUT3_L                      : 6
#      LUT4                        : 29
#      LUT4_D                      : 1
#      LUT4_L                      : 1
#      MUXF5                       : 2
#      VCC                         : 1
# FlipFlops/Latches                : 28
#      FD                          : 6
#      FDE                         : 8
#      FDR                         : 3
#      FDS                         : 10
#      FDSE                        : 1
# Clock Buffers                    : 1
#      BUFGP                       : 1
# IO Buffers                       : 13
#      IBUF                        : 3
#      OBUF                        : 10
=========================================================================

Device utilization summary:
---------------------------

Selected Device : 3s500efg320-5 

 Number of Slices:                       29  out of   4656     0%  
 Number of Slice Flip Flops:             28  out of   9312     0%  
 Number of 4 input LUTs:                 50  out of   9312     0%  
 Number of IOs:                          14
 Number of bonded IOBs:                  14  out of    232     6%  
 Number of GCLKs:                         1  out of     24     4%  

---------------------------
Partition Resource Summary:
---------------------------

  No Partitions were found in this design.

---------------------------


=========================================================================
TIMING REPORT

NOTE: THESE TIMING NUMBERS ARE ONLY A SYNTHESIS ESTIMATE.
      FOR ACCURATE TIMING INFORMATION PLEASE REFER TO THE TRACE REPORT
      GENERATED AFTER PLACE-and-ROUTE.

Clock Information:
------------------
-----------------------------------+------------------------+-------+
Clock Signal                       | Clock buffer(FF name)  | Load  |
-----------------------------------+------------------------+-------+
clk                                | BUFGP                  | 28    |
-----------------------------------+------------------------+-------+

Asynchronous Control Signals Information:
----------------------------------------
No asynchronous control signals found in this design

Timing Summary:
---------------
Speed Grade: -5

   Minimum period: 4.323ns (Maximum Frequency: 231.332MHz)
   Minimum input arrival time before clock: 4.623ns
   Maximum output required time after clock: 5.032ns
   Maximum combinational path delay: No path found

Timing Detail:
--------------
All values displayed in nanoseconds (ns)

=========================================================================
Timing constraint: Default period analysis for Clock 'clk'
  Clock period: 4.323ns (frequency: 231.332MHz)
  Total number of paths / destination ports: 242 / 47
-------------------------------------------------------------------------
Delay:               4.323ns (Levels of Logic = 3)
  Source:            read_counter_3 (FF)
  Destination:       read_buffor_7 (FF)
  Source Clock:      clk rising
  Destination Clock: clk rising

  Data Path: read_counter_3 to read_buffor_7
                                Gate     Net
    Cell:in->out      fanout   Delay   Delay  Logical Name (Net Name)
    ----------------------------------------  ------------
     FDS:C->Q              5   0.514   0.690  read_counter_3 (read_counter_3)
     LUT3_D:I0->O          7   0.612   0.632  present_state_cmp_eq000011 (N11)
     LUT3:I2->O            2   0.612   0.383  present_state_cmp_eq00001 (present_state_cmp_eq0000)
     LUT4:I3->O            1   0.612   0.000  read_buffor_7_mux0001 (read_buffor_7_mux0001)
     FD:D                      0.268          read_buffor_7
    ----------------------------------------
    Total                      4.323ns (2.618ns logic, 1.705ns route)
                                       (60.6% logic, 39.4% route)

=========================================================================
Timing constraint: Default OFFSET IN BEFORE for Clock 'clk'
  Total number of paths / destination ports: 15 / 13
-------------------------------------------------------------------------
Offset:              4.623ns (Levels of Logic = 3)
  Source:            readBit_detecion (PAD)
  Destination:       read_buffor_0 (FF)
  Destination Clock: clk rising

  Data Path: readBit_detecion to read_buffor_0
                                Gate     Net
    Cell:in->out      fanout   Delay   Delay  Logical Name (Net Name)
    ----------------------------------------  ------------
     IBUF:I->O             1   1.106   0.509  readBit_detecion_IBUF (readBit_detecion_IBUF)
     LUT3_D:I0->O          7   0.612   0.632  read_buffor_0_mux000111 (N01)
     LUT4:I2->O            1   0.612   0.357  read_buffor_5_mux000135 (read_buffor_5_mux000135)
     FDS:S                     0.795          read_buffor_5
    ----------------------------------------
    Total                      4.623ns (3.125ns logic, 1.498ns route)
                                       (67.6% logic, 32.4% route)

=========================================================================
Timing constraint: Default OFFSET OUT AFTER for Clock 'clk'
  Total number of paths / destination ports: 10 / 10
-------------------------------------------------------------------------
Offset:              5.032ns (Levels of Logic = 2)
  Source:            present_state_FSM_FFd5 (FF)
  Destination:       busy (PAD)
  Source Clock:      clk rising

  Data Path: present_state_FSM_FFd5 to busy
                                Gate     Net
    Cell:in->out      fanout   Delay   Delay  Logical Name (Net Name)
    ----------------------------------------  ------------
     FDSE:C->Q             2   0.514   0.380  present_state_FSM_FFd5 (present_state_FSM_FFd5)
     INV:I->O              1   0.612   0.357  present_state_FSM_Out41_INV_0 (busy_OBUF)
     OBUF:I->O                 3.169          busy_OBUF (busy)
    ----------------------------------------
    Total                      5.032ns (4.295ns logic, 0.737ns route)
                                       (85.4% logic, 14.6% route)

=========================================================================


Total REAL time to Xst completion: 5.00 secs
Total CPU time to Xst completion: 5.22 secs
 
--> 

Total memory usage is 263676 kilobytes

Number of errors   :    0 (   0 filtered)
Number of warnings :    0 (   0 filtered)
Number of infos    :    0 (   0 filtered)

