Release 14.7 - xst P.20131013 (nt64)
Copyright (c) 1995-2013 Xilinx, Inc.  All rights reserved.
--> Parameter TMPDIR set to xst/projnav.tmp


Total REAL time to Xst completion: 0.00 secs
Total CPU time to Xst completion: 0.12 secs
 
--> Parameter xsthdpdir set to xst


Total REAL time to Xst completion: 0.00 secs
Total CPU time to Xst completion: 0.12 secs
 
--> Reading design: VGA.prj

TABLE OF CONTENTS
  1) Synthesis Options Summary
  2) HDL Compilation
  3) Design Hierarchy Analysis
  4) HDL Analysis
  5) HDL Synthesis
     5.1) HDL Synthesis Report
  6) Advanced HDL Synthesis
     6.1) Advanced HDL Synthesis Report
  7) Low Level Synthesis
  8) Partition Report
  9) Final Report
	9.1) Device utilization summary
	9.2) Partition Resource Summary
	9.3) TIMING REPORT


=========================================================================
*                      Synthesis Options Summary                        *
=========================================================================
---- Source Parameters
Input File Name                    : "VGA.prj"
Input Format                       : mixed
Ignore Synthesis Constraint File   : NO

---- Target Parameters
Output File Name                   : "VGA"
Output Format                      : NGC
Target Device                      : xc3s500e-5-fg320

---- Source Options
Top Module Name                    : VGA
Automatic FSM Extraction           : YES
FSM Encoding Algorithm             : Auto
Safe Implementation                : No
FSM Style                          : LUT
RAM Extraction                     : Yes
RAM Style                          : Auto
ROM Extraction                     : Yes
Mux Style                          : Auto
Decoder Extraction                 : YES
Priority Encoder Extraction        : Yes
Shift Register Extraction          : YES
Logical Shifter Extraction         : YES
XOR Collapsing                     : YES
ROM Style                          : Auto
Mux Extraction                     : Yes
Resource Sharing                   : YES
Asynchronous To Synchronous        : NO
Multiplier Style                   : Auto
Automatic Register Balancing       : No

---- Target Options
Add IO Buffers                     : YES
Global Maximum Fanout              : 500
Add Generic Clock Buffer(BUFG)     : 24
Register Duplication               : YES
Slice Packing                      : YES
Optimize Instantiated Primitives   : NO
Use Clock Enable                   : Yes
Use Synchronous Set                : Yes
Use Synchronous Reset              : Yes
Pack IO Registers into IOBs        : Auto
Equivalent register Removal        : YES

---- General Options
Optimization Goal                  : Speed
Optimization Effort                : 1
Keep Hierarchy                     : No
Netlist Hierarchy                  : As_Optimized
RTL Output                         : Yes
Global Optimization                : AllClockNets
Read Cores                         : YES
Write Timing Constraints           : NO
Cross Clock Analysis               : NO
Hierarchy Separator                : /
Bus Delimiter                      : <>
Case Specifier                     : Maintain
Slice Utilization Ratio            : 100
BRAM Utilization Ratio             : 100
Verilog 2001                       : YES
Auto BRAM Packing                  : NO
Slice Utilization Ratio Delta      : 5

=========================================================================


=========================================================================
*                          HDL Compilation                              *
=========================================================================
Compiling vhdl file "D:/!OneDriveCloud/OneDrive/Studia/Sem_VI/UCISW_2/svn/trunk/v5/VGA.vhd" in Library work.
Entity <VGA> compiled.
Entity <VGA> (Architecture <Behavioral>) compiled.

=========================================================================
*                     Design Hierarchy Analysis                         *
=========================================================================
Analyzing hierarchy for entity <VGA> in library <work> (architecture <Behavioral>).


=========================================================================
*                            HDL Analysis                               *
=========================================================================
Analyzing Entity <VGA> in library <work> (Architecture <Behavioral>).
Entity <VGA> analyzed. Unit <VGA> generated.


=========================================================================
*                           HDL Synthesis                               *
=========================================================================

Performing bidirectional port resolution...

Synthesizing Unit <VGA>.
    Related source file is "D:/!OneDriveCloud/OneDrive/Studia/Sem_VI/UCISW_2/svn/trunk/v5/VGA.vhd".
WARNING:Xst:647 - Input <reset> is never used. This port will be preserved and left unconnected if it belongs to a top-level block or it belongs to a sub-block and the hierarchy of this sub-block is preserved.
    Found 9-bit register for signal <row>.
    Found 10-bit register for signal <column>.
    Found 11-bit comparator greatequal for signal <b$cmp_ge0000> created at line 99.
    Found 11-bit comparator greatequal for signal <b$cmp_ge0001> created at line 99.
    Found 11-bit comparator lessequal for signal <b$cmp_le0000> created at line 99.
    Found 11-bit comparator lessequal for signal <b$cmp_le0001> created at line 99.
    Found 10-bit subtractor for signal <column$sub0000> created at line 67.
    Found 10-bit up counter for signal <hcounter>.
    Found 11-bit comparator greatequal for signal <hsync$cmp_ge0000> created at line 83.
    Found 1-bit register for signal <nasz_clock>.
    Found 9-bit subtractor for signal <row$sub0000> created at line 73.
    Found 10-bit up counter for signal <vcounter>.
    Found 11-bit comparator greatequal for signal <vsync$cmp_ge0000> created at line 90.
    Summary:
	inferred   2 Counter(s).
	inferred  20 D-type flip-flop(s).
	inferred   2 Adder/Subtractor(s).
	inferred   6 Comparator(s).
Unit <VGA> synthesized.


=========================================================================
HDL Synthesis Report

Macro Statistics
# Adders/Subtractors                                   : 2
 10-bit subtractor                                     : 1
 9-bit subtractor                                      : 1
# Counters                                             : 2
 10-bit up counter                                     : 2
# Registers                                            : 3
 1-bit register                                        : 1
 10-bit register                                       : 1
 9-bit register                                        : 1
# Comparators                                          : 6
 11-bit comparator greatequal                          : 4
 11-bit comparator lessequal                           : 2

=========================================================================

=========================================================================
*                       Advanced HDL Synthesis                          *
=========================================================================


=========================================================================
Advanced HDL Synthesis Report

Macro Statistics
# Adders/Subtractors                                   : 2
 10-bit subtractor                                     : 1
 9-bit subtractor                                      : 1
# Counters                                             : 2
 10-bit up counter                                     : 2
# Registers                                            : 20
 Flip-Flops                                            : 20
# Comparators                                          : 6
 11-bit comparator greatequal                          : 4
 11-bit comparator lessequal                           : 2

=========================================================================

=========================================================================
*                         Low Level Synthesis                           *
=========================================================================

Optimizing unit <VGA> ...

Mapping all equations...
Building and optimizing final netlist ...
Found area constraint ratio of 100 (+ 5) on block VGA, actual ratio is 0.

Final Macro Processing ...

=========================================================================
Final Register Report

Macro Statistics
# Registers                                            : 40
 Flip-Flops                                            : 40

=========================================================================

=========================================================================
*                           Partition Report                            *
=========================================================================

Partition Implementation Status
-------------------------------

  No Partitions were found in this design.

-------------------------------

=========================================================================
*                            Final Report                               *
=========================================================================
Final Results
RTL Top Level Output File Name     : VGA.ngr
Top Level Output File Name         : VGA
Output Format                      : NGC
Optimization Goal                  : Speed
Keep Hierarchy                     : No

Design Statistics
# IOs                              : 29

Cell Usage :
# BELS                             : 129
#      GND                         : 1
#      INV                         : 7
#      LUT1                        : 22
#      LUT2                        : 11
#      LUT2_L                      : 3
#      LUT3                        : 5
#      LUT3_L                      : 1
#      LUT4                        : 19
#      LUT4_D                      : 2
#      LUT4_L                      : 2
#      MUXCY                       : 26
#      VCC                         : 1
#      XORCY                       : 29
# FlipFlops/Latches                : 40
#      FD                          : 14
#      FDR                         : 12
#      FDRE                        : 10
#      FDS                         : 4
# Clock Buffers                    : 2
#      BUFG                        : 1
#      BUFGP                       : 1
# IO Buffers                       : 27
#      IBUF                        : 3
#      OBUF                        : 24
=========================================================================

Device utilization summary:
---------------------------

Selected Device : 3s500efg320-5 

 Number of Slices:                       38  out of   4656     0%  
 Number of Slice Flip Flops:             40  out of   9312     0%  
 Number of 4 input LUTs:                 72  out of   9312     0%  
 Number of IOs:                          29
 Number of bonded IOBs:                  28  out of    232    12%  
 Number of GCLKs:                         2  out of     24     8%  

---------------------------
Partition Resource Summary:
---------------------------

  No Partitions were found in this design.

---------------------------


=========================================================================
TIMING REPORT

NOTE: THESE TIMING NUMBERS ARE ONLY A SYNTHESIS ESTIMATE.
      FOR ACCURATE TIMING INFORMATION PLEASE REFER TO THE TRACE REPORT
      GENERATED AFTER PLACE-and-ROUTE.

Clock Information:
------------------
-----------------------------------+------------------------+-------+
Clock Signal                       | Clock buffer(FF name)  | Load  |
-----------------------------------+------------------------+-------+
nasz_clock1                        | BUFG                   | 39    |
clk                                | BUFGP                  | 1     |
-----------------------------------+------------------------+-------+

Asynchronous Control Signals Information:
----------------------------------------
No asynchronous control signals found in this design

Timing Summary:
---------------
Speed Grade: -5

   Minimum period: 5.469ns (Maximum Frequency: 182.860MHz)
   Minimum input arrival time before clock: No path found
   Maximum output required time after clock: 8.727ns
   Maximum combinational path delay: 5.631ns

Timing Detail:
--------------
All values displayed in nanoseconds (ns)

=========================================================================
Timing constraint: Default period analysis for Clock 'nasz_clock1'
  Clock period: 5.469ns (frequency: 182.860MHz)
  Total number of paths / destination ports: 811 / 74
-------------------------------------------------------------------------
Delay:               5.469ns (Levels of Logic = 4)
  Source:            vcounter_2 (FF)
  Destination:       row_1 (FF)
  Source Clock:      nasz_clock1 rising
  Destination Clock: nasz_clock1 rising

  Data Path: vcounter_2 to row_1
                                Gate     Net
    Cell:in->out      fanout   Delay   Delay  Logical Name (Net Name)
    ----------------------------------------  ------------
     FDRE:C->Q             6   0.514   0.721  vcounter_2 (vcounter_2)
     LUT4:I0->O            1   0.612   0.426  b_cmp_le0001125 (b_cmp_le0001125)
     LUT2:I1->O            3   0.612   0.454  b_cmp_le0001126 (b_cmp_le00012)
     LUT4_D:I3->O          6   0.612   0.638  row_and00001 (b_and000067)
     LUT2:I1->O            1   0.612   0.000  row_sub0000<3>1 (row_sub0000<3>1)
     FD:D                      0.268          row_3
    ----------------------------------------
    Total                      5.469ns (3.230ns logic, 2.239ns route)
                                       (59.1% logic, 40.9% route)

=========================================================================
Timing constraint: Default period analysis for Clock 'clk'
  Clock period: 1.689ns (frequency: 592.084MHz)
  Total number of paths / destination ports: 1 / 1
-------------------------------------------------------------------------
Delay:               1.689ns (Levels of Logic = 0)
  Source:            nasz_clock (FF)
  Destination:       nasz_clock (FF)
  Source Clock:      clk rising
  Destination Clock: clk rising

  Data Path: nasz_clock to nasz_clock
                                Gate     Net
    Cell:in->out      fanout   Delay   Delay  Logical Name (Net Name)
    ----------------------------------------  ------------
     FDR:C->Q              2   0.514   0.380  nasz_clock (nasz_clock1)
     FDR:R                     0.795          nasz_clock
    ----------------------------------------
    Total                      1.689ns (1.309ns logic, 0.380ns route)
                                       (77.5% logic, 22.5% route)

=========================================================================
Timing constraint: Default OFFSET OUT AFTER for Clock 'nasz_clock1'
  Total number of paths / destination ports: 108 / 24
-------------------------------------------------------------------------
Offset:              8.727ns (Levels of Logic = 5)
  Source:            vcounter_2 (FF)
  Destination:       b (PAD)
  Source Clock:      nasz_clock1 rising

  Data Path: vcounter_2 to b
                                Gate     Net
    Cell:in->out      fanout   Delay   Delay  Logical Name (Net Name)
    ----------------------------------------  ------------
     FDRE:C->Q             6   0.514   0.721  vcounter_2 (vcounter_2)
     LUT4:I0->O            1   0.612   0.426  b_cmp_le0001125 (b_cmp_le0001125)
     LUT2:I1->O            3   0.612   0.454  b_cmp_le0001126 (b_cmp_le00012)
     LUT4_D:I3->O          6   0.612   0.638  row_and00001 (b_and000067)
     LUT3:I1->O            1   0.612   0.357  r1 (r_OBUF)
     OBUF:I->O                 3.169          r_OBUF (r)
    ----------------------------------------
    Total                      8.727ns (6.131ns logic, 2.596ns route)
                                       (70.3% logic, 29.7% route)

=========================================================================
Timing constraint: Default path analysis
  Total number of paths / destination ports: 3 / 3
-------------------------------------------------------------------------
Delay:               5.631ns (Levels of Logic = 3)
  Source:            colors_in<2> (PAD)
  Destination:       b (PAD)

  Data Path: colors_in<2> to b
                                Gate     Net
    Cell:in->out      fanout   Delay   Delay  Logical Name (Net Name)
    ----------------------------------------  ------------
     IBUF:I->O             1   1.106   0.387  colors_in_2_IBUF (colors_in_2_IBUF)
     LUT3:I2->O            1   0.612   0.357  b1 (b_OBUF)
     OBUF:I->O                 3.169          b_OBUF (b)
    ----------------------------------------
    Total                      5.631ns (4.887ns logic, 0.744ns route)
                                       (86.8% logic, 13.2% route)

=========================================================================


Total REAL time to Xst completion: 5.00 secs
Total CPU time to Xst completion: 5.21 secs
 
--> 

Total memory usage is 262716 kilobytes

Number of errors   :    0 (   0 filtered)
Number of warnings :    1 (   0 filtered)
Number of infos    :    0 (   0 filtered)

