--------------------------------------------------------------------------------
Release 14.7 Trace  (nt64)
Copyright (c) 1995-2013 Xilinx, Inc.  All rights reserved.

d:\Xilinx\14.7\ISE_DS\ISE\bin\nt64\unwrapped\trce.exe -intstyle ise -v 3 -s 5
-n 3 -fastpaths -xml writeByte.twx writeByte.ncd -o writeByte.twr writeByte.pcf

Design file:              writeByte.ncd
Physical constraint file: writeByte.pcf
Device,package,speed:     xc3s500e,fg320,-5 (PRODUCTION 1.27 2013-10-13)
Report level:             verbose report

Environment Variable      Effect 
--------------------      ------ 
NONE                      No environment variables were set
--------------------------------------------------------------------------------

INFO:Timing:2698 - No timing constraints found, doing default enumeration.
INFO:Timing:3412 - To improve timing, see the Timing Closure User Guide (UG612).
INFO:Timing:2752 - To get complete path coverage, use the unconstrained paths 
   option. All paths that are not constrained will be reported in the 
   unconstrained paths section(s) of the report.
INFO:Timing:3339 - The clock-to-out numbers in this timing report are based on 
   a 50 Ohm transmission line loading model.  For the details of this model, 
   and for more information on accounting for different loading conditions, 
   please see the device datasheet.
INFO:Timing:3390 - This architecture does not support a default System Jitter 
   value, please add SYSTEM_JITTER constraint to the UCF to modify the Clock 
   Uncertainty calculation.
INFO:Timing:3389 - This architecture does not support 'Discrete Jitter' and 
   'Phase Error' calculations, these terms will be zero in the Clock 
   Uncertainty calculation.  Please make appropriate modification to 
   SYSTEM_JITTER to account for the unsupported Discrete Jitter and Phase 
   Error.



Data Sheet report:
-----------------
All values displayed in nanoseconds (ns)

Setup/Hold to clock clk
------------+------------+------------+------------------+--------+
            |Max Setup to|Max Hold to |                  | Clock  |
Source      | clk (edge) | clk (edge) |Internal Clock(s) | Phase  |
------------+------------+------------+------------------+--------+
data<0>     |    2.636(R)|   -0.712(R)|clk_BUFGP         |   0.000|
data<1>     |    2.681(R)|   -0.748(R)|clk_BUFGP         |   0.000|
data<2>     |    2.915(R)|   -0.935(R)|clk_BUFGP         |   0.000|
data<3>     |    3.051(R)|   -1.044(R)|clk_BUFGP         |   0.000|
data<4>     |    2.680(R)|   -0.747(R)|clk_BUFGP         |   0.000|
data<5>     |    2.850(R)|   -0.883(R)|clk_BUFGP         |   0.000|
data<6>     |    2.891(R)|   -0.915(R)|clk_BUFGP         |   0.000|
data<7>     |    2.754(R)|   -0.806(R)|clk_BUFGP         |   0.000|
isBusy      |    2.597(R)|    1.027(R)|clk_BUFGP         |   0.000|
start       |    0.044(R)|    1.098(R)|clk_BUFGP         |   0.000|
------------+------------+------------+------------------+--------+

Clock clk to Pad
------------+------------+------------------+--------+
            | clk (edge) |                  | Clock  |
Destination |   to PAD   |Internal Clock(s) | Phase  |
------------+------------+------------------+--------+
busy        |    9.373(R)|clk_BUFGP         |   0.000|
writeOne    |    7.064(R)|clk_BUFGP         |   0.000|
writeZero   |    7.238(R)|clk_BUFGP         |   0.000|
------------+------------+------------------+--------+

Clock to Setup on destination clock clk
---------------+---------+---------+---------+---------+
               | Src:Rise| Src:Fall| Src:Rise| Src:Fall|
Source Clock   |Dest:Rise|Dest:Rise|Dest:Fall|Dest:Fall|
---------------+---------+---------+---------+---------+
clk            |    5.156|         |         |         |
---------------+---------+---------+---------+---------+


Analysis completed Tue Jun 02 11:17:48 2015 
--------------------------------------------------------------------------------

Trace Settings:
-------------------------
Trace Settings 

Peak Memory Usage: 170 MB



