Running: d:\Xilinx\14.7\ISE_DS\ISE\bin\nt64\unwrapped\fuse.exe -intstyle ise -incremental -o D:/Studia/UCiSW/v2/v2/modulTB_isim_beh.exe -prj D:/Studia/UCiSW/v2/v2/modulTB_beh.prj work.modulTB 
ISim P.20131013 (signature 0x7708f090)
Number of CPUs detected in this system: 8
Turning on mult-threading, number of parallel sub-compilation jobs: 16 
Determining compilation order of HDL files
Parsing VHDL file "D:/Studia/UCiSW/v2/v2/modul.vhd" into library work
Parsing VHDL file "D:/Studia/UCiSW/v2/v2/modulTB.vhd" into library work
Starting static elaboration
Completed static elaboration
Compiling package standard
Compiling package std_logic_1164
Compiling package numeric_std
Compiling package std_logic_arith
Compiling package std_logic_unsigned
Compiling architecture behavioral of entity modul [modul_default]
Compiling architecture behavior of entity modultb
Time Resolution for simulation is 1ps.
Compiled 8 VHDL Units
Built simulation executable D:/Studia/UCiSW/v2/v2/modulTB_isim_beh.exe
Fuse Memory Usage: 38436 KB
Fuse CPU Usage: 717 ms
