ISim log file
Running: D:\Studia\UCiSW\sparta lab3 15_01_2015\vga_1\testBench_isim_beh.exe -intstyle ise -gui -tclbatch isim.cmd -wdb D:/Studia/UCiSW/sparta lab3 15_01_2015/vga_1/testBench_isim_beh.wdb 
ISim P.20131013 (signature 0x7708f090)
WARNING: A WEBPACK license was found.
WARNING: Please use Xilinx License Configuration Manager to check out a full ISim license.
WARNING: ISim will run in Lite mode. Please refer to the ISim documentation for more information on the differences between the Lite and the Full version.
This is a Lite version of ISim.
Time resolution is 1 ps
# onerror resume
# wave add /
# run 1000 ns
Simulator is doing circuit initialization process.
Finished circuit initialization process.
# run all
Stopped at time : 10572690 ns : File "D:/Studia/UCiSW/sparta lab3 15_01_2015/ucisw/VGA.vhd" Line 108
# step
Stopped at time : 10572690 ns : File "D:/Studia/UCiSW/sparta lab3 15_01_2015/ucisw/VGA.vhd" Line 109
# restart
# run all
Simulator is doing circuit initialization process.
Finished circuit initialization process.
Stopped at time : 27704250 ns : File "D:/Studia/UCiSW/sparta lab3 15_01_2015/ucisw/VGA.vhd" Line 66
