Release 14.7 - xst P.20131013 (nt)
Copyright (c) 1995-2013 Xilinx, Inc.  All rights reserved.
--> Parameter TMPDIR set to xst/projnav.tmp


Total REAL time to Xst completion: 0.00 secs
Total CPU time to Xst completion: 0.12 secs
 
--> Parameter xsthdpdir set to xst


Total REAL time to Xst completion: 0.00 secs
Total CPU time to Xst completion: 0.12 secs
 
--> Reading design: modul.prj

TABLE OF CONTENTS
  1) Synthesis Options Summary
  2) HDL Compilation
  3) Design Hierarchy Analysis
  4) HDL Analysis
  5) HDL Synthesis
     5.1) HDL Synthesis Report
  6) Advanced HDL Synthesis
     6.1) Advanced HDL Synthesis Report
  7) Low Level Synthesis
  8) Partition Report
  9) Final Report
	9.1) Device utilization summary
	9.2) Partition Resource Summary
	9.3) TIMING REPORT


=========================================================================
*                      Synthesis Options Summary                        *
=========================================================================
---- Source Parameters
Input File Name                    : "modul.prj"
Input Format                       : mixed
Ignore Synthesis Constraint File   : NO

---- Target Parameters
Output File Name                   : "modul"
Output Format                      : NGC
Target Device                      : xc3s100e-5-vq100

---- Source Options
Top Module Name                    : modul
Automatic FSM Extraction           : YES
FSM Encoding Algorithm             : Auto
Safe Implementation                : No
FSM Style                          : LUT
RAM Extraction                     : Yes
RAM Style                          : Auto
ROM Extraction                     : Yes
Mux Style                          : Auto
Decoder Extraction                 : YES
Priority Encoder Extraction        : Yes
Shift Register Extraction          : YES
Logical Shifter Extraction         : YES
XOR Collapsing                     : YES
ROM Style                          : Auto
Mux Extraction                     : Yes
Resource Sharing                   : YES
Asynchronous To Synchronous        : NO
Multiplier Style                   : Auto
Automatic Register Balancing       : No

---- Target Options
Add IO Buffers                     : YES
Global Maximum Fanout              : 500
Add Generic Clock Buffer(BUFG)     : 24
Register Duplication               : YES
Slice Packing                      : YES
Optimize Instantiated Primitives   : NO
Use Clock Enable                   : Yes
Use Synchronous Set                : Yes
Use Synchronous Reset              : Yes
Pack IO Registers into IOBs        : Auto
Equivalent register Removal        : YES

---- General Options
Optimization Goal                  : Speed
Optimization Effort                : 1
Keep Hierarchy                     : No
Netlist Hierarchy                  : As_Optimized
RTL Output                         : Yes
Global Optimization                : AllClockNets
Read Cores                         : YES
Write Timing Constraints           : NO
Cross Clock Analysis               : NO
Hierarchy Separator                : /
Bus Delimiter                      : <>
Case Specifier                     : Maintain
Slice Utilization Ratio            : 100
BRAM Utilization Ratio             : 100
Verilog 2001                       : YES
Auto BRAM Packing                  : NO
Slice Utilization Ratio Delta      : 5

=========================================================================


=========================================================================
*                          HDL Compilation                              *
=========================================================================
Compiling vhdl file "C:/XilinxPrj/PROJEKT/v3/modul.vhd" in Library work.
Entity <modul> compiled.
Entity <modul> (Architecture <Behavioral>) compiled.

=========================================================================
*                     Design Hierarchy Analysis                         *
=========================================================================
Analyzing hierarchy for entity <modul> in library <work> (architecture <Behavioral>).


=========================================================================
*                            HDL Analysis                               *
=========================================================================
Analyzing Entity <modul> in library <work> (Architecture <Behavioral>).
WARNING:Xst:819 - "C:/XilinxPrj/PROJEKT/v3/modul.vhd" line 158: One or more signals are missing in the process sensitivity list. To enable synthesis of FPGA/CPLD hardware, XST will assume that all necessary signals are present in the sensitivity list. Please note that the result of the synthesis may differ from the initial design specification. The missing signals are:
   <wire_in>
Entity <modul> analyzed. Unit <modul> generated.


=========================================================================
*                           HDL Synthesis                               *
=========================================================================

Performing bidirectional port resolution...

Synthesizing Unit <modul>.
    Related source file is "C:/XilinxPrj/PROJEKT/v3/modul.vhd".
    Using one-hot encoding for signal <present_state>.
    Using one-hot encoding for signal <next_state>.
WARNING:Xst:737 - Found 1-bit latch for signal <readBit_detecion>. Latches may be generated from incomplete case or if statements. We do not recommend the use of latches in FPGA/CPLD designs, as they may lead to timing problems.
INFO:Xst:2371 - HDL ADVISOR - Logic functions respectively driving the data and gate enable inputs of this latch share common terms. This situation will potentially lead to setup/hold violations and, as a result, to simulation problems. This situation may come from an incomplete case statement (all selector values are not covered). You should carefully review if it was in your intentions to describe such a latch.
WARNING:Xst:737 - Found 1-bit latch for signal <wire_out>. Latches may be generated from incomplete case or if statements. We do not recommend the use of latches in FPGA/CPLD designs, as they may lead to timing problems.
INFO:Xst:2371 - HDL ADVISOR - Logic functions respectively driving the data and gate enable inputs of this latch share common terms. This situation will potentially lead to setup/hold violations and, as a result, to simulation problems. This situation may come from an incomplete case statement (all selector values are not covered). You should carefully review if it was in your intentions to describe such a latch.
WARNING:Xst:737 - Found 13-bit latch for signal <next_state>. Latches may be generated from incomplete case or if statements. We do not recommend the use of latches in FPGA/CPLD designs, as they may lead to timing problems.
INFO:Xst:2371 - HDL ADVISOR - Logic functions respectively driving the data and gate enable inputs of this latch share common terms. This situation will potentially lead to setup/hold violations and, as a result, to simulation problems. This situation may come from an incomplete case statement (all selector values are not covered). You should carefully review if it was in your intentions to describe such a latch.
WARNING:Xst:737 - Found 13-bit latch for signal <next_state$mux0004>. Latches may be generated from incomplete case or if statements. We do not recommend the use of latches in FPGA/CPLD designs, as they may lead to timing problems.
INFO:Xst:2371 - HDL ADVISOR - Logic functions respectively driving the data and gate enable inputs of this latch share common terms. This situation will potentially lead to setup/hold violations and, as a result, to simulation problems. This situation may come from an incomplete case statement (all selector values are not covered). You should carefully review if it was in your intentions to describe such a latch.
    Found 16-bit up counter for signal <clock_counter>.
    Found 13-bit register for signal <present_state>.
    Summary:
	inferred   1 Counter(s).
	inferred  13 D-type flip-flop(s).
Unit <modul> synthesized.


=========================================================================
HDL Synthesis Report

Macro Statistics
# Counters                                             : 1
 16-bit up counter                                     : 1
# Registers                                            : 1
 13-bit register                                       : 1
# Latches                                              : 4
 1-bit latch                                           : 2
 13-bit latch                                          : 2

=========================================================================

=========================================================================
*                       Advanced HDL Synthesis                          *
=========================================================================

WARNING:Xst:1710 - FF/Latch <0> (without init value) has a constant value of 0 in block <1>. This FF/Latch will be trimmed during the optimization process.
WARNING:Xst:1710 - FF/Latch <0> (without init value) has a constant value of 0 in block <2>. This FF/Latch will be trimmed during the optimization process.
WARNING:Xst:1710 - FF/Latch <0> (without init value) has a constant value of 0 in block <3>. This FF/Latch will be trimmed during the optimization process.
WARNING:Xst:1710 - FF/Latch <0> (without init value) has a constant value of 0 in block <4>. This FF/Latch will be trimmed during the optimization process.
WARNING:Xst:1710 - FF/Latch <0> (without init value) has a constant value of 0 in block <5>. This FF/Latch will be trimmed during the optimization process.
WARNING:Xst:1710 - FF/Latch <0> (without init value) has a constant value of 0 in block <6>. This FF/Latch will be trimmed during the optimization process.
WARNING:Xst:1710 - FF/Latch <0> (without init value) has a constant value of 0 in block <7>. This FF/Latch will be trimmed during the optimization process.
WARNING:Xst:1710 - FF/Latch <0> (without init value) has a constant value of 0 in block <8>. This FF/Latch will be trimmed during the optimization process.
WARNING:Xst:1710 - FF/Latch <0> (without init value) has a constant value of 0 in block <9>. This FF/Latch will be trimmed during the optimization process.
WARNING:Xst:1710 - FF/Latch <0> (without init value) has a constant value of 0 in block <10>. This FF/Latch will be trimmed during the optimization process.
WARNING:Xst:1710 - FF/Latch <0> (without init value) has a constant value of 0 in block <11>. This FF/Latch will be trimmed during the optimization process.
WARNING:Xst:1710 - FF/Latch <0> (without init value) has a constant value of 0 in block <12>. This FF/Latch will be trimmed during the optimization process.

=========================================================================
Advanced HDL Synthesis Report

Macro Statistics
# Counters                                             : 1
 16-bit up counter                                     : 1
# Registers                                            : 13
 Flip-Flops                                            : 13
# Latches                                              : 4
 1-bit latch                                           : 2
 13-bit latch                                          : 2

=========================================================================

=========================================================================
*                         Low Level Synthesis                           *
=========================================================================
INFO:Xst:2261 - The FF/Latch <12> in Unit <LPM_LATCH_16> is equivalent to the following 11 FFs/Latches, which will be removed : <11> <10> <9> <8> <7> <6> <5> <4> <3> <2> <1> 
WARNING:Xst:1710 - FF/Latch <12> (without init value) has a constant value of 0 in block <LPM_LATCH_16>. This FF/Latch will be trimmed during the optimization process.

Optimizing unit <modul> ...

Mapping all equations...
Building and optimizing final netlist ...
Found area constraint ratio of 100 (+ 5) on block modul, actual ratio is 4.

Final Macro Processing ...

=========================================================================
Final Register Report

Macro Statistics
# Registers                                            : 29
 Flip-Flops                                            : 29

=========================================================================

=========================================================================
*                           Partition Report                            *
=========================================================================

Partition Implementation Status
-------------------------------

  No Partitions were found in this design.

-------------------------------

=========================================================================
*                            Final Report                               *
=========================================================================
Final Results
RTL Top Level Output File Name     : modul.ngr
Top Level Output File Name         : modul
Output Format                      : NGC
Optimization Goal                  : Speed
Keep Hierarchy                     : No

Design Statistics
# IOs                              : 9

Cell Usage :
# BELS                             : 101
#      GND                         : 1
#      INV                         : 2
#      LUT1                        : 15
#      LUT2                        : 9
#      LUT3                        : 7
#      LUT4                        : 31
#      MUXCY                       : 15
#      MUXF5                       : 4
#      VCC                         : 1
#      XORCY                       : 16
# FlipFlops/Latches                : 45
#      FD                          : 13
#      FDR                         : 16
#      LD                          : 14
#      LD_1                        : 2
# Clock Buffers                    : 1
#      BUFGP                       : 1
# IO Buffers                       : 8
#      IBUF                        : 5
#      OBUF                        : 3
=========================================================================

Device utilization summary:
---------------------------

Selected Device : 3s100evq100-5 

 Number of Slices:                       36  out of    960     3%  
 Number of Slice Flip Flops:             43  out of   1920     2%  
 Number of 4 input LUTs:                 64  out of   1920     3%  
 Number of IOs:                           9
 Number of bonded IOBs:                   9  out of     66    13%  
    IOB Flip Flops:                       2
 Number of GCLKs:                         1  out of     24     4%  

---------------------------
Partition Resource Summary:
---------------------------

  No Partitions were found in this design.

---------------------------


=========================================================================
TIMING REPORT

NOTE: THESE TIMING NUMBERS ARE ONLY A SYNTHESIS ESTIMATE.
      FOR ACCURATE TIMING INFORMATION PLEASE REFER TO THE TRACE REPORT
      GENERATED AFTER PLACE-and-ROUTE.

Clock Information:
------------------
-----------------------------------------------------+------------------------------+-------+
Clock Signal                                         | Clock buffer(FF name)        | Load  |
-----------------------------------------------------+------------------------------+-------+
clk                                                  | BUFGP                        | 29    |
wire_out_or0000(wire_out_or00001:O)                  | NONE(*)(wire_out)            | 1     |
readBit_detecion_or0000(readBit_detecion_or0000_f5:O)| NONE(*)(readBit_detecion)    | 1     |
next_state_cmp_eq0000(next_state_cmp_eq00003:O)      | NONE(*)(next_state_mux0004_0)| 1     |
next_state_not0001(next_state_not000173:O)           | NONE(*)(next_state_0)        | 13    |
-----------------------------------------------------+------------------------------+-------+
(*) These 4 clock signal(s) are generated by combinatorial logic,
and XST is not able to identify which are the primary clock signals.
Please use the CLOCK_SIGNAL constraint to specify the clock signal(s) generated by combinatorial logic.
INFO:Xst:2169 - HDL ADVISOR - Some clock signals were not automatically buffered by XST with BUFG/BUFR resources. Please use the buffer_type constraint in order to insert these buffers to the clock signals to help prevent skew problems.

Asynchronous Control Signals Information:
----------------------------------------
No asynchronous control signals found in this design

Timing Summary:
---------------
Speed Grade: -5

   Minimum period: 3.836ns (Maximum Frequency: 260.712MHz)
   Minimum input arrival time before clock: 2.832ns
   Maximum output required time after clock: 5.254ns
   Maximum combinational path delay: No path found

Timing Detail:
--------------
All values displayed in nanoseconds (ns)

=========================================================================
Timing constraint: Default period analysis for Clock 'clk'
  Clock period: 3.836ns (frequency: 260.712MHz)
  Total number of paths / destination ports: 136 / 16
-------------------------------------------------------------------------
Delay:               3.836ns (Levels of Logic = 15)
  Source:            clock_counter_2 (FF)
  Destination:       clock_counter_15 (FF)
  Source Clock:      clk rising
  Destination Clock: clk rising

  Data Path: clock_counter_2 to clock_counter_15
                                Gate     Net
    Cell:in->out      fanout   Delay   Delay  Logical Name (Net Name)
    ----------------------------------------  ------------
     FDR:C->Q              6   0.514   0.721  clock_counter_2 (clock_counter_2)
     LUT1:I0->O            1   0.612   0.000  Mcount_clock_counter_cy<2>_rt (Mcount_clock_counter_cy<2>_rt)
     MUXCY:S->O            1   0.404   0.000  Mcount_clock_counter_cy<2> (Mcount_clock_counter_cy<2>)
     MUXCY:CI->O           1   0.051   0.000  Mcount_clock_counter_cy<3> (Mcount_clock_counter_cy<3>)
     MUXCY:CI->O           1   0.051   0.000  Mcount_clock_counter_cy<4> (Mcount_clock_counter_cy<4>)
     MUXCY:CI->O           1   0.051   0.000  Mcount_clock_counter_cy<5> (Mcount_clock_counter_cy<5>)
     MUXCY:CI->O           1   0.051   0.000  Mcount_clock_counter_cy<6> (Mcount_clock_counter_cy<6>)
     MUXCY:CI->O           1   0.051   0.000  Mcount_clock_counter_cy<7> (Mcount_clock_counter_cy<7>)
     MUXCY:CI->O           1   0.051   0.000  Mcount_clock_counter_cy<8> (Mcount_clock_counter_cy<8>)
     MUXCY:CI->O           1   0.051   0.000  Mcount_clock_counter_cy<9> (Mcount_clock_counter_cy<9>)
     MUXCY:CI->O           1   0.051   0.000  Mcount_clock_counter_cy<10> (Mcount_clock_counter_cy<10>)
     MUXCY:CI->O           1   0.051   0.000  Mcount_clock_counter_cy<11> (Mcount_clock_counter_cy<11>)
     MUXCY:CI->O           1   0.051   0.000  Mcount_clock_counter_cy<12> (Mcount_clock_counter_cy<12>)
     MUXCY:CI->O           1   0.051   0.000  Mcount_clock_counter_cy<13> (Mcount_clock_counter_cy<13>)
     MUXCY:CI->O           0   0.051   0.000  Mcount_clock_counter_cy<14> (Mcount_clock_counter_cy<14>)
     XORCY:CI->O           1   0.699   0.000  Mcount_clock_counter_xor<15> (Result<15>)
     FDR:D                     0.268          clock_counter_15
    ----------------------------------------
    Total                      3.836ns (3.115ns logic, 0.721ns route)
                                       (81.2% logic, 18.8% route)

=========================================================================
Timing constraint: Default OFFSET IN BEFORE for Clock 'readBit_detecion_or0000'
  Total number of paths / destination ports: 1 / 1
-------------------------------------------------------------------------
Offset:              2.412ns (Levels of Logic = 2)
  Source:            wire_in (PAD)
  Destination:       readBit_detecion (LATCH)
  Destination Clock: readBit_detecion_or0000 rising

  Data Path: wire_in to readBit_detecion
                                Gate     Net
    Cell:in->out      fanout   Delay   Delay  Logical Name (Net Name)
    ----------------------------------------  ------------
     IBUF:I->O             1   1.106   0.426  wire_in_IBUF (wire_in_IBUF)
     LUT3:I1->O            1   0.612   0.000  readBit_detecion_mux00001 (readBit_detecion_mux0000)
     LD_1:D                    0.268          readBit_detecion
    ----------------------------------------
    Total                      2.412ns (1.986ns logic, 0.426ns route)
                                       (82.3% logic, 17.7% route)

=========================================================================
Timing constraint: Default OFFSET IN BEFORE for Clock 'next_state_not0001'
  Total number of paths / destination ports: 10 / 4
-------------------------------------------------------------------------
Offset:              2.832ns (Levels of Logic = 3)
  Source:            writeReset (PAD)
  Destination:       next_state_1 (LATCH)
  Destination Clock: next_state_not0001 falling

  Data Path: writeReset to next_state_1
                                Gate     Net
    Cell:in->out      fanout   Delay   Delay  Logical Name (Net Name)
    ----------------------------------------  ------------
     IBUF:I->O             5   1.106   0.568  writeReset_IBUF (writeReset_IBUF)
     LUT4:I2->O            1   0.612   0.000  next_state_mux0005<1>1 (next_state_mux0005<1>1)
     MUXF5:I0->O           1   0.278   0.000  next_state_mux0005<1>_f5 (next_state_mux0005<1>)
     LD:D                      0.268          next_state_1
    ----------------------------------------
    Total                      2.832ns (2.264ns logic, 0.568ns route)
                                       (79.9% logic, 20.1% route)

=========================================================================
Timing constraint: Default OFFSET OUT AFTER for Clock 'readBit_detecion_or0000'
  Total number of paths / destination ports: 1 / 1
-------------------------------------------------------------------------
Offset:              4.114ns (Levels of Logic = 1)
  Source:            readBit_detecion (LATCH)
  Destination:       readBit_detecion (PAD)
  Source Clock:      readBit_detecion_or0000 rising

  Data Path: readBit_detecion to readBit_detecion
                                Gate     Net
    Cell:in->out      fanout   Delay   Delay  Logical Name (Net Name)
    ----------------------------------------  ------------
     LD_1:G->Q             1   0.588   0.357  readBit_detecion (readBit_detecion_OBUF)
     OBUF:I->O                 3.169          readBit_detecion_OBUF (readBit_detecion)
    ----------------------------------------
    Total                      4.114ns (3.757ns logic, 0.357ns route)
                                       (91.3% logic, 8.7% route)

=========================================================================
Timing constraint: Default OFFSET OUT AFTER for Clock 'clk'
  Total number of paths / destination ports: 1 / 1
-------------------------------------------------------------------------
Offset:              5.254ns (Levels of Logic = 2)
  Source:            present_state_0 (FF)
  Destination:       busy (PAD)
  Source Clock:      clk rising

  Data Path: present_state_0 to busy
                                Gate     Net
    Cell:in->out      fanout   Delay   Delay  Logical Name (Net Name)
    ----------------------------------------  ------------
     FD:C->Q               7   0.514   0.602  present_state_0 (present_state_0)
     INV:I->O              1   0.612   0.357  busy1_INV_0 (busy_OBUF)
     OBUF:I->O                 3.169          busy_OBUF (busy)
    ----------------------------------------
    Total                      5.254ns (4.295ns logic, 0.959ns route)
                                       (81.8% logic, 18.2% route)

=========================================================================
Timing constraint: Default OFFSET OUT AFTER for Clock 'wire_out_or0000'
  Total number of paths / destination ports: 1 / 1
-------------------------------------------------------------------------
Offset:              4.114ns (Levels of Logic = 1)
  Source:            wire_out (LATCH)
  Destination:       wire_out (PAD)
  Source Clock:      wire_out_or0000 rising

  Data Path: wire_out to wire_out
                                Gate     Net
    Cell:in->out      fanout   Delay   Delay  Logical Name (Net Name)
    ----------------------------------------  ------------
     LD_1:G->Q             1   0.588   0.357  wire_out (wire_out_OBUF)
     OBUF:I->O                 3.169          wire_out_OBUF (wire_out)
    ----------------------------------------
    Total                      4.114ns (3.757ns logic, 0.357ns route)
                                       (91.3% logic, 8.7% route)

=========================================================================


Total REAL time to Xst completion: 4.00 secs
Total CPU time to Xst completion: 4.57 secs
 
--> 

Total memory usage is 200500 kilobytes

Number of errors   :    0 (   0 filtered)
Number of warnings :   18 (   0 filtered)
Number of infos    :    6 (   0 filtered)

