Release 14.7 - xst P.20131013 (nt64)
Copyright (c) 1995-2013 Xilinx, Inc.  All rights reserved.
--> Parameter TMPDIR set to xst/projnav.tmp


Total REAL time to Xst completion: 0.00 secs
Total CPU time to Xst completion: 0.12 secs
 
--> Parameter xsthdpdir set to xst


Total REAL time to Xst completion: 0.00 secs
Total CPU time to Xst completion: 0.12 secs
 
--> Reading design: displayControler.prj

TABLE OF CONTENTS
  1) Synthesis Options Summary
  2) HDL Compilation
  3) Design Hierarchy Analysis
  4) HDL Analysis
  5) HDL Synthesis
     5.1) HDL Synthesis Report
  6) Advanced HDL Synthesis
     6.1) Advanced HDL Synthesis Report
  7) Low Level Synthesis
  8) Partition Report
  9) Final Report
	9.1) Device utilization summary
	9.2) Partition Resource Summary
	9.3) TIMING REPORT


=========================================================================
*                      Synthesis Options Summary                        *
=========================================================================
---- Source Parameters
Input File Name                    : "displayControler.prj"
Input Format                       : mixed
Ignore Synthesis Constraint File   : NO

---- Target Parameters
Output File Name                   : "displayControler"
Output Format                      : NGC
Target Device                      : xc3s500e-5-fg320

---- Source Options
Top Module Name                    : displayControler
Automatic FSM Extraction           : YES
FSM Encoding Algorithm             : Auto
Safe Implementation                : No
FSM Style                          : LUT
RAM Extraction                     : Yes
RAM Style                          : Auto
ROM Extraction                     : Yes
Mux Style                          : Auto
Decoder Extraction                 : YES
Priority Encoder Extraction        : Yes
Shift Register Extraction          : YES
Logical Shifter Extraction         : YES
XOR Collapsing                     : YES
ROM Style                          : Auto
Mux Extraction                     : Yes
Resource Sharing                   : YES
Asynchronous To Synchronous        : NO
Multiplier Style                   : Auto
Automatic Register Balancing       : No

---- Target Options
Add IO Buffers                     : YES
Global Maximum Fanout              : 500
Add Generic Clock Buffer(BUFG)     : 24
Register Duplication               : YES
Slice Packing                      : YES
Optimize Instantiated Primitives   : NO
Use Clock Enable                   : Yes
Use Synchronous Set                : Yes
Use Synchronous Reset              : Yes
Pack IO Registers into IOBs        : Auto
Equivalent register Removal        : YES

---- General Options
Optimization Goal                  : Speed
Optimization Effort                : 1
Keep Hierarchy                     : No
Netlist Hierarchy                  : As_Optimized
RTL Output                         : Yes
Global Optimization                : AllClockNets
Read Cores                         : YES
Write Timing Constraints           : NO
Cross Clock Analysis               : NO
Hierarchy Separator                : /
Bus Delimiter                      : <>
Case Specifier                     : Maintain
Slice Utilization Ratio            : 100
BRAM Utilization Ratio             : 100
Verilog 2001                       : YES
Auto BRAM Packing                  : NO
Slice Utilization Ratio Delta      : 5

=========================================================================


=========================================================================
*                          HDL Compilation                              *
=========================================================================
Compiling vhdl file "D:/!OneDriveCloud/OneDrive/Studia/Sem_VI/UCISW_2/svn/trunk/v5/displayControler.vhd" in Library work.
Entity <displayControler> compiled.
Entity <displayControler> (Architecture <Behavioral>) compiled.

=========================================================================
*                     Design Hierarchy Analysis                         *
=========================================================================
Analyzing hierarchy for entity <displayControler> in library <work> (architecture <Behavioral>).


=========================================================================
*                            HDL Analysis                               *
=========================================================================
Analyzing Entity <displayControler> in library <work> (Architecture <Behavioral>).
INFO:Xst:2679 - Register <mem_adres<7>> in unit <displayControler> has a constant value of 0 during circuit operation. The register is replaced by logic.
Entity <displayControler> analyzed. Unit <displayControler> generated.


=========================================================================
*                           HDL Synthesis                               *
=========================================================================

Performing bidirectional port resolution...

Synthesizing Unit <displayControler>.
    Related source file is "D:/!OneDriveCloud/OneDrive/Studia/Sem_VI/UCISW_2/svn/trunk/v5/displayControler.vhd".
WARNING:Xst:647 - Input <input_data<2:0>> is never used. This port will be preserved and left unconnected if it belongs to a top-level block or it belongs to a sub-block and the hierarchy of this sub-block is preserved.
    Found 3-bit register for signal <rgb>.
    Found 7-bit register for signal <mem_adres<6:0>>.
    Found 9-bit comparator greater for signal <rgb$cmp_gt0000> created at line 59.
    Found 8-bit adder for signal <temporary>.
    Summary:
	inferred  10 D-type flip-flop(s).
	inferred   1 Adder/Subtractor(s).
	inferred   1 Comparator(s).
Unit <displayControler> synthesized.


=========================================================================
HDL Synthesis Report

Macro Statistics
# Adders/Subtractors                                   : 1
 8-bit adder                                           : 1
# Registers                                            : 8
 1-bit register                                        : 7
 3-bit register                                        : 1
# Comparators                                          : 1
 9-bit comparator greater                              : 1

=========================================================================

=========================================================================
*                       Advanced HDL Synthesis                          *
=========================================================================


=========================================================================
Advanced HDL Synthesis Report

Macro Statistics
# Adders/Subtractors                                   : 1
 8-bit adder                                           : 1
# Registers                                            : 10
 Flip-Flops                                            : 10
# Comparators                                          : 1
 9-bit comparator greater                              : 1

=========================================================================

=========================================================================
*                         Low Level Synthesis                           *
=========================================================================
INFO:Xst:2261 - The FF/Latch <rgb_0> in Unit <displayControler> is equivalent to the following FF/Latch, which will be removed : <rgb_1> 

Optimizing unit <displayControler> ...

Mapping all equations...
Building and optimizing final netlist ...
Found area constraint ratio of 100 (+ 5) on block displayControler, actual ratio is 0.
FlipFlop rgb_0 has been replicated 1 time(s) to handle iob=true attribute.

Final Macro Processing ...

=========================================================================
Final Register Report

Macro Statistics
# Registers                                            : 10
 Flip-Flops                                            : 10

=========================================================================

=========================================================================
*                           Partition Report                            *
=========================================================================

Partition Implementation Status
-------------------------------

  No Partitions were found in this design.

-------------------------------

=========================================================================
*                            Final Report                               *
=========================================================================
Final Results
RTL Top Level Output File Name     : displayControler.ngr
Top Level Output File Name         : displayControler
Output Format                      : NGC
Optimization Goal                  : Speed
Keep Hierarchy                     : No

Design Statistics
# IOs                              : 39

Cell Usage :
# BELS                             : 30
#      GND                         : 1
#      INV                         : 2
#      LUT2                        : 2
#      LUT3                        : 7
#      LUT4                        : 9
#      MUXCY                       : 7
#      MUXF5                       : 1
#      VCC                         : 1
# FlipFlops/Latches                : 10
#      FDE                         : 7
#      FDRS                        : 3
# Clock Buffers                    : 1
#      BUFGP                       : 1
# IO Buffers                       : 35
#      IBUF                        : 24
#      OBUF                        : 11
=========================================================================

Device utilization summary:
---------------------------

Selected Device : 3s500efg320-5 

 Number of Slices:                       11  out of   4656     0%  
 Number of 4 input LUTs:                 20  out of   9312     0%  
 Number of IOs:                          39
 Number of bonded IOBs:                  36  out of    232    15%  
    IOB Flip Flops:                      10
 Number of GCLKs:                         1  out of     24     4%  

---------------------------
Partition Resource Summary:
---------------------------

  No Partitions were found in this design.

---------------------------


=========================================================================
TIMING REPORT

NOTE: THESE TIMING NUMBERS ARE ONLY A SYNTHESIS ESTIMATE.
      FOR ACCURATE TIMING INFORMATION PLEASE REFER TO THE TRACE REPORT
      GENERATED AFTER PLACE-and-ROUTE.

Clock Information:
------------------
-----------------------------------+------------------------+-------+
Clock Signal                       | Clock buffer(FF name)  | Load  |
-----------------------------------+------------------------+-------+
clk                                | BUFGP                  | 10    |
-----------------------------------+------------------------+-------+

Asynchronous Control Signals Information:
----------------------------------------
No asynchronous control signals found in this design

Timing Summary:
---------------
Speed Grade: -5

   Minimum period: No path found
   Minimum input arrival time before clock: 6.909ns
   Maximum output required time after clock: 4.040ns
   Maximum combinational path delay: No path found

Timing Detail:
--------------
All values displayed in nanoseconds (ns)

=========================================================================
Timing constraint: Default OFFSET IN BEFORE for Clock 'clk'
  Total number of paths / destination ports: 314 / 20
-------------------------------------------------------------------------
Offset:              6.909ns (Levels of Logic = 6)
  Source:            input_data<3> (PAD)
  Destination:       rgb_0 (FF)
  Destination Clock: clk rising

  Data Path: input_data<3> to rgb_0
                                Gate     Net
    Cell:in->out      fanout   Delay   Delay  Logical Name (Net Name)
    ----------------------------------------  ------------
     IBUF:I->O             7   1.106   0.671  input_data_3_IBUF (input_data_3_IBUF)
     LUT3:I1->O            3   0.612   0.520  Madd_temporary_cy<5>11 (Madd_temporary_cy<5>)
     LUT3:I1->O            0   0.612   0.000  Madd_temporary_xor<7>11 (temporary<7>)
     MUXCY:DI->O           1   0.773   0.000  Mcompar_rgb_cmp_gt0000_cy<5> (Mcompar_rgb_cmp_gt0000_cy<5>)
     MUXCY:CI->O           1   0.399   0.357  Mcompar_rgb_cmp_gt0000_cy<6> (Mcompar_rgb_cmp_gt0000_cy<6>)
     INV:I->O              3   0.612   0.451  Mcompar_rgb_cmp_gt0000_cy<6>_inv_INV_0 (rgb_cmp_gt0000)
     FDRS:S                    0.795          rgb_0
    ----------------------------------------
    Total                      6.909ns (4.909ns logic, 2.000ns route)
                                       (71.1% logic, 28.9% route)

=========================================================================
Timing constraint: Default OFFSET OUT AFTER for Clock 'clk'
  Total number of paths / destination ports: 10 / 10
-------------------------------------------------------------------------
Offset:              4.040ns (Levels of Logic = 1)
  Source:            mem_adres_6 (FF)
  Destination:       mem_adres<6> (PAD)
  Source Clock:      clk rising

  Data Path: mem_adres_6 to mem_adres<6>
                                Gate     Net
    Cell:in->out      fanout   Delay   Delay  Logical Name (Net Name)
    ----------------------------------------  ------------
     FDE:C->Q              1   0.514   0.357  mem_adres_6 (mem_adres_6)
     OBUF:I->O                 3.169          mem_adres_6_OBUF (mem_adres<6>)
    ----------------------------------------
    Total                      4.040ns (3.683ns logic, 0.357ns route)
                                       (91.2% logic, 8.8% route)

=========================================================================


Total REAL time to Xst completion: 5.00 secs
Total CPU time to Xst completion: 4.79 secs
 
--> 

Total memory usage is 260540 kilobytes

Number of errors   :    0 (   0 filtered)
Number of warnings :    1 (   0 filtered)
Number of infos    :    2 (   0 filtered)

