Release 14.7 - xst P.20131013 (nt64)
Copyright (c) 1995-2013 Xilinx, Inc.  All rights reserved.
--> Parameter TMPDIR set to xst/projnav.tmp


Total REAL time to Xst completion: 0.00 secs
Total CPU time to Xst completion: 0.36 secs
 
--> Parameter xsthdpdir set to xst


Total REAL time to Xst completion: 0.00 secs
Total CPU time to Xst completion: 0.36 secs
 
--> Reading design: modul.prj

TABLE OF CONTENTS
  1) Synthesis Options Summary
  2) HDL Compilation
  3) Design Hierarchy Analysis
  4) HDL Analysis
  5) HDL Synthesis
     5.1) HDL Synthesis Report
  6) Advanced HDL Synthesis
     6.1) Advanced HDL Synthesis Report
  7) Low Level Synthesis
  8) Partition Report
  9) Final Report
	9.1) Device utilization summary
	9.2) Partition Resource Summary
	9.3) TIMING REPORT


=========================================================================
*                      Synthesis Options Summary                        *
=========================================================================
---- Source Parameters
Input File Name                    : "modul.prj"
Input Format                       : mixed
Ignore Synthesis Constraint File   : NO

---- Target Parameters
Output File Name                   : "modul"
Output Format                      : NGC
Target Device                      : xc3s500e-5-fg320

---- Source Options
Top Module Name                    : modul
Automatic FSM Extraction           : YES
FSM Encoding Algorithm             : Auto
Safe Implementation                : No
FSM Style                          : LUT
RAM Extraction                     : Yes
RAM Style                          : Auto
ROM Extraction                     : Yes
Mux Style                          : Auto
Decoder Extraction                 : YES
Priority Encoder Extraction        : Yes
Shift Register Extraction          : YES
Logical Shifter Extraction         : YES
XOR Collapsing                     : YES
ROM Style                          : Auto
Mux Extraction                     : Yes
Resource Sharing                   : YES
Asynchronous To Synchronous        : NO
Multiplier Style                   : Auto
Automatic Register Balancing       : No

---- Target Options
Add IO Buffers                     : YES
Global Maximum Fanout              : 500
Add Generic Clock Buffer(BUFG)     : 24
Register Duplication               : YES
Slice Packing                      : YES
Optimize Instantiated Primitives   : NO
Use Clock Enable                   : Yes
Use Synchronous Set                : Yes
Use Synchronous Reset              : Yes
Pack IO Registers into IOBs        : Auto
Equivalent register Removal        : YES

---- General Options
Optimization Goal                  : Speed
Optimization Effort                : 1
Keep Hierarchy                     : No
Netlist Hierarchy                  : As_Optimized
RTL Output                         : Yes
Global Optimization                : AllClockNets
Read Cores                         : YES
Write Timing Constraints           : NO
Cross Clock Analysis               : NO
Hierarchy Separator                : /
Bus Delimiter                      : <>
Case Specifier                     : Maintain
Slice Utilization Ratio            : 100
BRAM Utilization Ratio             : 100
Verilog 2001                       : YES
Auto BRAM Packing                  : NO
Slice Utilization Ratio Delta      : 5

=========================================================================


=========================================================================
*                          HDL Compilation                              *
=========================================================================
Compiling vhdl file "D:/!OneDriveCloud/OneDrive/Studia/Sem_VI/UCISW_2/svn/trunk/v5/modul.vhd" in Library work.
Entity <modul> compiled.
Entity <modul> (Architecture <Behavioral>) compiled.

=========================================================================
*                     Design Hierarchy Analysis                         *
=========================================================================
Analyzing hierarchy for entity <modul> in library <work> (architecture <Behavioral>).


=========================================================================
*                            HDL Analysis                               *
=========================================================================
Analyzing Entity <modul> in library <work> (Architecture <Behavioral>).
Entity <modul> analyzed. Unit <modul> generated.


=========================================================================
*                           HDL Synthesis                               *
=========================================================================

Performing bidirectional port resolution...

Synthesizing Unit <modul>.
    Related source file is "D:/!OneDriveCloud/OneDrive/Studia/Sem_VI/UCISW_2/svn/trunk/v5/modul.vhd".
    Found finite state machine <FSM_0> for signal <present_state>.
    -----------------------------------------------------------------------
    | States             | 13                                             |
    | Transitions        | 27                                             |
    | Inputs             | 11                                             |
    | Outputs            | 5                                              |
    | Clock              | clk                       (rising_edge)        |
    | Power Up State     | idle                                           |
    | Encoding           | automatic                                      |
    | Implementation     | LUT                                            |
    -----------------------------------------------------------------------
    Found 1-bit register for signal <readBit_detecion>.
    Found 16-bit up counter for signal <clock_counter>.
    Summary:
	inferred   1 Finite State Machine(s).
	inferred   1 Counter(s).
	inferred   1 D-type flip-flop(s).
Unit <modul> synthesized.


=========================================================================
HDL Synthesis Report

Macro Statistics
# Counters                                             : 1
 16-bit up counter                                     : 1
# Registers                                            : 1
 1-bit register                                        : 1

=========================================================================

=========================================================================
*                       Advanced HDL Synthesis                          *
=========================================================================

Analyzing FSM <FSM_0> for best encoding.
Optimizing FSM <present_state/FSM> on signal <present_state[1:4]> with user encoding.
----------------------
 State    | Encoding
----------------------
 idle     | 0000
 write_1a | 0001
 write_1b | 0010
 write_0a | 0011
 write_0b | 0100
 read_a   | 0101
 read_b   | 0110
 read_c   | 0111
 read_d   | 1000
 reset_a  | 1001
 reset_b  | 1010
 reset_c  | 1011
 reset_d  | 1100
----------------------

=========================================================================
Advanced HDL Synthesis Report

Macro Statistics
# FSMs                                                 : 1
# Counters                                             : 1
 16-bit up counter                                     : 1
# Registers                                            : 1
 Flip-Flops                                            : 1

=========================================================================

=========================================================================
*                         Low Level Synthesis                           *
=========================================================================

Optimizing unit <modul> ...

Mapping all equations...
Building and optimizing final netlist ...
Found area constraint ratio of 100 (+ 5) on block modul, actual ratio is 0.

Final Macro Processing ...

=========================================================================
Final Register Report

Macro Statistics
# Registers                                            : 21
 Flip-Flops                                            : 21

=========================================================================

=========================================================================
*                           Partition Report                            *
=========================================================================

Partition Implementation Status
-------------------------------

  No Partitions were found in this design.

-------------------------------

=========================================================================
*                            Final Report                               *
=========================================================================
Final Results
RTL Top Level Output File Name     : modul.ngr
Top Level Output File Name         : modul
Output Format                      : NGC
Optimization Goal                  : Speed
Keep Hierarchy                     : No

Design Statistics
# IOs                              : 9

Cell Usage :
# BELS                             : 111
#      GND                         : 1
#      INV                         : 1
#      LUT1                        : 15
#      LUT2                        : 4
#      LUT2_D                      : 1
#      LUT2_L                      : 2
#      LUT3                        : 4
#      LUT3_L                      : 1
#      LUT4                        : 37
#      LUT4_D                      : 8
#      LUT4_L                      : 5
#      MUXCY                       : 15
#      VCC                         : 1
#      XORCY                       : 16
# FlipFlops/Latches                : 21
#      FD                          : 4
#      FDE                         : 1
#      FDR                         : 16
# Clock Buffers                    : 1
#      BUFGP                       : 1
# IO Buffers                       : 8
#      IBUF                        : 5
#      OBUF                        : 3
=========================================================================

Device utilization summary:
---------------------------

Selected Device : 3s500efg320-5 

 Number of Slices:                       41  out of   4656     0%  
 Number of Slice Flip Flops:             21  out of   9312     0%  
 Number of 4 input LUTs:                 78  out of   9312     0%  
 Number of IOs:                           9
 Number of bonded IOBs:                   9  out of    232     3%  
 Number of GCLKs:                         1  out of     24     4%  

---------------------------
Partition Resource Summary:
---------------------------

  No Partitions were found in this design.

---------------------------


=========================================================================
TIMING REPORT

NOTE: THESE TIMING NUMBERS ARE ONLY A SYNTHESIS ESTIMATE.
      FOR ACCURATE TIMING INFORMATION PLEASE REFER TO THE TRACE REPORT
      GENERATED AFTER PLACE-and-ROUTE.

Clock Information:
------------------
-----------------------------------+------------------------+-------+
Clock Signal                       | Clock buffer(FF name)  | Load  |
-----------------------------------+------------------------+-------+
clk                                | BUFGP                  | 21    |
-----------------------------------+------------------------+-------+

Asynchronous Control Signals Information:
----------------------------------------
No asynchronous control signals found in this design

Timing Summary:
---------------
Speed Grade: -5

   Minimum period: 7.914ns (Maximum Frequency: 126.356MHz)
   Minimum input arrival time before clock: 8.419ns
   Maximum output required time after clock: 5.654ns
   Maximum combinational path delay: No path found

Timing Detail:
--------------
All values displayed in nanoseconds (ns)

=========================================================================
Timing constraint: Default period analysis for Clock 'clk'
  Clock period: 7.914ns (frequency: 126.356MHz)
  Total number of paths / destination ports: 4784 / 38
-------------------------------------------------------------------------
Delay:               7.914ns (Levels of Logic = 6)
  Source:            clock_counter_0 (FF)
  Destination:       clock_counter_0 (FF)
  Source Clock:      clk rising
  Destination Clock: clk rising

  Data Path: clock_counter_0 to clock_counter_0
                                Gate     Net
    Cell:in->out      fanout   Delay   Delay  Logical Name (Net Name)
    ----------------------------------------  ------------
     FDR:C->Q              4   0.514   0.651  clock_counter_0 (clock_counter_0)
     LUT4_D:I0->LO         1   0.612   0.103  present_state_cmp_eq00001_SW0 (N48)
     LUT4:I3->O            3   0.612   0.454  present_state_cmp_eq00001 (N2)
     LUT4_L:I3->LO         1   0.612   0.103  present_state_FSM_FFd2-In10_SW0 (N30)
     LUT4:I3->O            1   0.612   0.360  present_state_FSM_FFd2-In11 (present_state_FSM_FFd2-In11)
     LUT4:I3->O            2   0.612   0.383  present_state_FSM_FFd2-In66 (present_state_FSM_FFd2-In)
     LUT4:I3->O           16   0.612   0.879  present_state_FSM_Out21 (present_state_cmp_eq0009)
     FDR:R                     0.795          clock_counter_0
    ----------------------------------------
    Total                      7.914ns (4.981ns logic, 2.933ns route)
                                       (62.9% logic, 37.1% route)

=========================================================================
Timing constraint: Default OFFSET IN BEFORE for Clock 'clk'
  Total number of paths / destination ports: 222 / 21
-------------------------------------------------------------------------
Offset:              8.419ns (Levels of Logic = 6)
  Source:            writeOne (PAD)
  Destination:       clock_counter_0 (FF)
  Destination Clock: clk rising

  Data Path: writeOne to clock_counter_0
                                Gate     Net
    Cell:in->out      fanout   Delay   Delay  Logical Name (Net Name)
    ----------------------------------------  ------------
     IBUF:I->O             3   1.106   0.603  writeOne_IBUF (writeOne_IBUF)
     LUT4:I0->O            1   0.612   0.509  present_state_FSM_FFd4-In134 (present_state_FSM_FFd4-In134)
     LUT3:I0->O            1   0.612   0.509  present_state_FSM_FFd4-In141 (present_state_FSM_FFd4-In141)
     LUT4:I0->O            1   0.612   0.509  present_state_FSM_FFd4-In161 (present_state_FSM_FFd4-In161)
     LUT4:I0->O            2   0.612   0.449  present_state_FSM_FFd4-In215 (present_state_FSM_FFd4-In)
     LUT4:I1->O           16   0.612   0.879  present_state_FSM_Out21 (present_state_cmp_eq0009)
     FDR:R                     0.795          clock_counter_0
    ----------------------------------------
    Total                      8.419ns (4.961ns logic, 3.458ns route)
                                       (58.9% logic, 41.1% route)

=========================================================================
Timing constraint: Default OFFSET OUT AFTER for Clock 'clk'
  Total number of paths / destination ports: 9 / 3
-------------------------------------------------------------------------
Offset:              5.654ns (Levels of Logic = 2)
  Source:            present_state_FSM_FFd1 (FF)
  Destination:       busy (PAD)
  Source Clock:      clk rising

  Data Path: present_state_FSM_FFd1 to busy
                                Gate     Net
    Cell:in->out      fanout   Delay   Delay  Logical Name (Net Name)
    ----------------------------------------  ------------
     FD:C->Q              14   0.514   1.002  present_state_FSM_FFd1 (present_state_FSM_FFd1)
     LUT4:I0->O            1   0.612   0.357  present_state_FSM_Out41 (busy_OBUF)
     OBUF:I->O                 3.169          busy_OBUF (busy)
    ----------------------------------------
    Total                      5.654ns (4.295ns logic, 1.359ns route)
                                       (76.0% logic, 24.0% route)

=========================================================================


Total REAL time to Xst completion: 6.00 secs
Total CPU time to Xst completion: 6.06 secs
 
--> 

Total memory usage is 262652 kilobytes

Number of errors   :    0 (   0 filtered)
Number of warnings :    0 (   0 filtered)
Number of infos    :    0 (   0 filtered)

