Command line:
   modulTB_isim_beh.exe
     -simmode  gui
     -simrunnum  0
     -socket  51687

Fri Mar 20 17:37:41 2015


 Elaboration Time: 0.046801 sec

 Current Memory Usage: 673.112 Meg

 Total Signals          : 21
 Total Nets             : 27
 Total Signal Drivers   : 11
 Total Blocks           : 6
 Total Primitive Blocks : 5
 Total Processes        : 6
 Total Traceable Variables  : 16
 Total Scalar Nets and Variables : 529
Total Line Count : 76

 Total Simulation Time: 0.343203 sec

 Current Memory Usage: 673.112 Meg

Fri Mar 20 17:41:13 2015

